<?xml version="1.0" encoding="UTF-8"?>
<testng-results ignored="0" total="3" passed="3" failed="0" skipped="0">
  <reporter-output>
  </reporter-output>
  <suite started-at="2021-06-16T20:22:49 BRT" name="Default suite" finished-at="2021-06-16T20:22:54 BRT" duration-ms="5000">
    <groups>
    </groups>
    <test started-at="2021-06-16T20:22:49 BRT" name="Default test" finished-at="2021-06-16T20:22:54 BRT" duration-ms="5000">
      <class name="tests.PutPatchDeleteExamples">
        <test-method signature="TestDelete()[pri:0, instance:tests.PutPatchDeleteExamples@5136d012]" started-at="2021-06-16T20:22:49 BRT" name="TestDelete" finished-at="2021-06-16T20:22:52 BRT" duration-ms="3179" status="PASS">
          <reporter-output>
          </reporter-output>
        </test-method> <!-- TestDelete -->
        <test-method signature="TestPatch()[pri:0, instance:tests.PutPatchDeleteExamples@5136d012]" started-at="2021-06-16T20:22:52 BRT" name="TestPatch" finished-at="2021-06-16T20:22:53 BRT" duration-ms="970" status="PASS">
          <reporter-output>
          </reporter-output>
        </test-method> <!-- TestPatch -->
        <test-method signature="TestPut()[pri:0, instance:tests.PutPatchDeleteExamples@5136d012]" started-at="2021-06-16T20:22:53 BRT" name="TestPut" finished-at="2021-06-16T20:22:54 BRT" duration-ms="730" status="PASS">
          <reporter-output>
          </reporter-output>
        </test-method> <!-- TestPut -->
      </class> <!-- tests.PutPatchDeleteExamples -->
    </test> <!-- Default test -->
  </suite> <!-- Default suite -->
</testng-results>
