<?xml version="1.0" encoding="UTF-8"?>
<!-- Generated by org.testng.reporters.JUnitXMLReporter -->
<testsuite ignored="0" hostname="LAPTOP-SLAGGAOJ" failures="0" tests="3" name="Default test" time="5.0" errors="0" timestamp="2021-06-16T20:22:54 BRT">
  <testcase classname="tests.PutPatchDeleteExamples" name="TestDelete" time="3.179"/>
  <testcase classname="tests.PutPatchDeleteExamples" name="TestPatch" time="0.97"/>
  <testcase classname="tests.PutPatchDeleteExamples" name="TestPut" time="0.73"/>
</testsuite> <!-- Default test -->
